------------------------------------------------------------------------------------------------------------------------

[2017-04-26 21:50:54 #1 store] 
Database 'D:\btcProjectRequirements\com.btc.acLabs.ui\db\requirements.odb' has been recovered (tr. 17-17)

[2017-04-26 21:50:54 #2 store] 
Database 'D:\btcProjectRequirements\com.btc.acLabs.ui\db\requirements.odb' is opened by 3124@Robi

[2017-04-26 21:50:54 #3 type] 
Type com.btc.aclabs.dto.Requirements is not enhanced.

------------------------------------------------------------------------------------------------------------------------

[2017-04-26 21:52:43 #1 store] 
Database 'D:\btcProjectRequirements\com.btc.acLabs.ui\db\requirements.odb' is opened by 4980@Robi

[2017-04-26 21:52:43 #2 type] 
Type com.btc.aclabs.dto.Requirements is not enhanced.

------------------------------------------------------------------------------------------------------------------------

[2017-04-26 21:56:11 #1 store] 
Database 'D:\btcProjectRequirements\com.btc.acLabs.ui\db\requirements.odb' is opened by 7004@Robi

[2017-04-26 21:56:11 #2 type] 
Type com.btc.aclabs.dto.Requirements is not enhanced.

------------------------------------------------------------------------------------------------------------------------

[2017-04-26 21:58:30 #1 store] 
Database 'D:\btcProjectRequirements\com.btc.acLabs.ui\db\requirements.odb' has been recovered (tr. 18-45)

[2017-04-26 21:58:30 #2 store] 
Database 'D:\btcProjectRequirements\com.btc.acLabs.ui\db\requirements.odb' is opened by 5912@Robi

[2017-04-26 21:58:30 #3 type] 
Type com.btc.aclabs.dto.Requirements is not enhanced.

------------------------------------------------------------------------------------------------------------------------

[2017-04-26 22:02:26 #1 store] 
Database 'D:\btcProjectRequirements\com.btc.acLabs.ui\db\requirements.odb' has been recovered (tr. 46-48)

[2017-04-26 22:02:26 #2 store] 
Database 'D:\btcProjectRequirements\com.btc.acLabs.ui\db\requirements.odb' is opened by 7116@Robi

[2017-04-26 22:02:26 #3 type] 
Type com.btc.aclabs.dto.Requirements is not enhanced.

[2017-04-26 22:02:38 #4 type.registry] 
New type com.objectdb.o.CFO

[2017-04-26 22:02:38 #5 type.registry] 
New type com.objectdb.o.OST

[2017-04-26 22:02:38 #6 type.registry] 
New type com.objectdb.o.OBC

[2017-04-26 22:02:38 #7 type.registry] 
New type com.objectdb.o.OBM

[2017-04-26 22:02:38 #8 type.registry] 
New type com.objectdb.jpa.EMImpl

[2017-04-26 22:02:38 #9 type.registry] 
New type com.objectdb.jdo.PMImpl

[2017-04-26 22:02:38 #10 *] 
java.lang.NullPointerException
	at com.objectdb.o.ERM.h(ERM.java:67)
	at com.objectdb.o.TVS.g(TVS.java:104)
	at com.objectdb.o.TVS.g(TVS.java:93)
	at com.objectdb.jpa.EMImpl.remove(EMImpl.java:438)
	at com.btc.aclabs.dal.PersistenceUtility.clearDataBase(PersistenceUtility.java:45)
	at com.btc.aclabs.services.excel.Import_Excel.execute(Import_Excel.java:46)
	at sun.reflect.NativeMethodAccessorImpl.invoke0(Native Method)
	at sun.reflect.NativeMethodAccessorImpl.invoke(Unknown Source)
	at sun.reflect.DelegatingMethodAccessorImpl.invoke(Unknown Source)
	at java.lang.reflect.Method.invoke(Unknown Source)
	at org.eclipse.e4.core.internal.di.MethodRequestor.execute(MethodRequestor.java:55)
	at org.eclipse.e4.core.internal.di.InjectorImpl.invokeUsingClass(InjectorImpl.java:282)
	at org.eclipse.e4.core.internal.di.InjectorImpl.invoke(InjectorImpl.java:264)
	at org.eclipse.e4.core.contexts.ContextInjectionFactory.invoke(ContextInjectionFactory.java:132)
	at org.eclipse.e4.core.commands.internal.HandlerServiceHandler.execute(HandlerServiceHandler.java:152)
	at org.eclipse.core.commands.Command.executeWithChecks(Command.java:494)
	at org.eclipse.core.commands.ParameterizedCommand.executeWithChecks(ParameterizedCommand.java:488)
	at org.eclipse.e4.core.commands.internal.HandlerServiceImpl.executeHandler(HandlerServiceImpl.java:210)
	at org.eclipse.e4.ui.workbench.renderers.swt.HandledContributionItem.executeItem(HandledContributionItem.java:433)
	at org.eclipse.e4.ui.workbench.renderers.swt.AbstractContributionItem.handleWidgetSelection(AbstractContributionItem.java:454)
	at org.eclipse.e4.ui.workbench.renderers.swt.AbstractContributionItem$3.handleEvent(AbstractContributionItem.java:482)
	at org.eclipse.swt.widgets.EventTable.sendEvent(EventTable.java:84)
	at org.eclipse.swt.widgets.Display.sendEvent(Display.java:4418)
	at org.eclipse.swt.widgets.Widget.sendEvent(Widget.java:1079)
	at org.eclipse.swt.widgets.Display.runDeferredEvents(Display.java:4236)
	at org.eclipse.swt.widgets.Display.readAndDispatch(Display.java:3824)
	at org.eclipse.e4.ui.internal.workbench.swt.PartRenderingEngine$4.run(PartRenderingEngine.java:1121)
	at org.eclipse.core.databinding.observable.Realm.runWithDefault(Realm.java:336)
	at org.eclipse.e4.ui.internal.workbench.swt.PartRenderingEngine.run(PartRenderingEngine.java:1022)
	at org.eclipse.e4.ui.internal.workbench.E4Workbench.createAndRunUI(E4Workbench.java:150)
	at org.eclipse.e4.ui.internal.workbench.swt.E4Application.start(E4Application.java:161)
	at org.eclipse.equinox.internal.app.EclipseAppHandle.run(EclipseAppHandle.java:196)
	at org.eclipse.core.runtime.internal.adaptor.EclipseAppLauncher.runApplication(EclipseAppLauncher.java:134)
	at org.eclipse.core.runtime.internal.adaptor.EclipseAppLauncher.start(EclipseAppLauncher.java:104)
	at org.eclipse.core.runtime.adaptor.EclipseStarter.run(EclipseStarter.java:388)
	at org.eclipse.core.runtime.adaptor.EclipseStarter.run(EclipseStarter.java:243)
	at sun.reflect.NativeMethodAccessorImpl.invoke0(Native Method)
	at sun.reflect.NativeMethodAccessorImpl.invoke(Unknown Source)
	at sun.reflect.DelegatingMethodAccessorImpl.invoke(Unknown Source)
	at java.lang.reflect.Method.invoke(Unknown Source)
	at org.eclipse.equinox.launcher.Main.invokeFramework(Main.java:673)
	at org.eclipse.equinox.launcher.Main.basicRun(Main.java:610)
	at org.eclipse.equinox.launcher.Main.run(Main.java:1519)
	at org.eclipse.equinox.launcher.Main.main(Main.java:1492)

------------------------------------------------------------------------------------------------------------------------

[2017-04-26 22:04:11 #1 store] 
Database 'D:\btcProjectRequirements\com.btc.acLabs.ui\db\requirements.odb' has been recovered (tr. 49-49)

[2017-04-26 22:04:11 #2 store] 
Database 'D:\btcProjectRequirements\com.btc.acLabs.ui\db\requirements.odb' is opened by 3724@Robi

[2017-04-26 22:04:11 #3 type] 
Type com.btc.aclabs.dto.Requirements is not enhanced.

------------------------------------------------------------------------------------------------------------------------

[2017-04-26 22:09:23 #1 store] 
Database 'D:\btcProjectRequirements\com.btc.acLabs.ui\db\requirements.odb' has been recovered (tr. 50-63)

[2017-04-26 22:09:23 #2 store] 
Database 'D:\btcProjectRequirements\com.btc.acLabs.ui\db\requirements.odb' is opened by 3680@Robi

[2017-04-26 22:09:23 #3 type] 
Type com.btc.aclabs.dto.Requirements is not enhanced.

------------------------------------------------------------------------------------------------------------------------

[2017-04-26 22:10:13 #1 store] 
Database 'D:\btcProjectRequirements\com.btc.acLabs.ui\db\requirements.odb' has been recovered (tr. 64-77)

[2017-04-26 22:10:13 #2 store] 
Database 'D:\btcProjectRequirements\com.btc.acLabs.ui\db\requirements.odb' is opened by 5760@Robi

[2017-04-26 22:10:13 #3 type] 
Type com.btc.aclabs.dto.Requirements is not enhanced.

------------------------------------------------------------------------------------------------------------------------

[2017-04-26 22:18:53 #1 store] 
Database 'D:\btcProjectRequirements\com.btc.acLabs.ui\db\requirements.odb' has been recovered (tr. 78-91)

[2017-04-26 22:18:53 #2 store] 
Database 'D:\btcProjectRequirements\com.btc.acLabs.ui\db\requirements.odb' is opened by 4144@Robi

[2017-04-26 22:18:53 #3 type] 
Type com.btc.aclabs.dto.Requirements is not enhanced.

------------------------------------------------------------------------------------------------------------------------

[2017-04-26 22:20:18 #1 store] 
Database 'D:\btcProjectRequirements\com.btc.acLabs.ui\db\requirements.odb' has been recovered (tr. 92-105)

[2017-04-26 22:20:18 #2 store] 
Database 'D:\btcProjectRequirements\com.btc.acLabs.ui\db\requirements.odb' is opened by 2708@Robi

[2017-04-26 22:20:18 #3 type] 
Type com.btc.aclabs.dto.Requirements is not enhanced.

------------------------------------------------------------------------------------------------------------------------

[2017-04-26 22:22:34 #1 store] 
Database 'D:\btcProjectRequirements\com.btc.acLabs.ui\db\requirements.odb' is opened by 4608@Robi

------------------------------------------------------------------------------------------------------------------------

[2017-04-26 22:23:06 #1 store] 
Database 'D:\btcProjectRequirements\com.btc.acLabs.ui\db\requirements.odb' has been recovered (tr. 1-2)

[2017-04-26 22:23:06 #2 store] 
Database 'D:\btcProjectRequirements\com.btc.acLabs.ui\db\requirements.odb' is opened by 5828@Robi

------------------------------------------------------------------------------------------------------------------------

[2017-04-26 22:24:28 #1 store] 
Database 'D:\btcProjectRequirements\com.btc.acLabs.ui\db\requirements.odb' is opened by 6944@Robi

------------------------------------------------------------------------------------------------------------------------

[2017-04-26 22:25:59 #1 store] 
Database 'D:\btcProjectRequirements\com.btc.acLabs.ui\db\requirements.odb' is opened by 416@Robi

[2017-04-26 22:26:10 #2 type.registry] 
New type com.btc.aclabs.dto.Requirements

[2017-04-26 22:26:10 #3 type] 
Type com.btc.aclabs.dto.Requirements is not enhanced.

------------------------------------------------------------------------------------------------------------------------

[2017-04-26 22:26:55 #1 store] 
Database 'D:\btcProjectRequirements\com.btc.acLabs.ui\db\requirements.odb' has been recovered (tr. 3-8)

[2017-04-26 22:26:55 #2 store] 
Database 'D:\btcProjectRequirements\com.btc.acLabs.ui\db\requirements.odb' is opened by 732@Robi

[2017-04-26 22:26:55 #3 type] 
Type com.btc.aclabs.dto.Requirements is not enhanced.

------------------------------------------------------------------------------------------------------------------------

[2017-04-26 22:28:51 #1 store] 
Database 'D:\btcProjectRequirements\com.btc.acLabs.ui\db\requirements.odb' has been recovered (tr. 9-23)

[2017-04-26 22:28:51 #2 store] 
Database 'D:\btcProjectRequirements\com.btc.acLabs.ui\db\requirements.odb' is opened by 4816@Robi

[2017-04-26 22:28:51 #3 type] 
Type com.btc.aclabs.dto.Requirements is not enhanced.

------------------------------------------------------------------------------------------------------------------------

[2017-04-26 22:30:48 #1 store] 
Database 'D:\btcProjectRequirements\com.btc.acLabs.ui\db\requirements.odb' is opened by 6632@Robi

------------------------------------------------------------------------------------------------------------------------

[2017-04-26 22:31:51 #1 store] 
Database 'D:\btcProjectRequirements\com.btc.acLabs.ui\db\requirements.odb' has been recovered (tr. 1-2)

[2017-04-26 22:31:51 #2 store] 
Database 'D:\btcProjectRequirements\com.btc.acLabs.ui\db\requirements.odb' is opened by 3104@Robi

------------------------------------------------------------------------------------------------------------------------

[2017-04-26 22:32:11 #1 store] 
Database 'D:\btcProjectRequirements\com.btc.acLabs.ui\db\requirements.odb' is opened by 5316@Robi

------------------------------------------------------------------------------------------------------------------------

[2017-04-26 22:35:21 #1 store] 
Database 'D:\btcProjectRequirements\com.btc.acLabs.ui\db\requirements.odb' is opened by 2844@Robi

[2017-04-26 22:35:33 #2 type.registry] 
New type com.btc.aclabs.dto.Requirements

[2017-04-26 22:35:33 #3 type] 
Type com.btc.aclabs.dto.Requirements is not enhanced.

------------------------------------------------------------------------------------------------------------------------

[2017-04-26 22:35:37 #1 store] 
Database 'D:\btcProjectRequirements\com.btc.acLabs.ui\db\requirements.odb' has been recovered (tr. 3-4)

[2017-04-26 22:35:37 #2 store] 
Database 'D:\btcProjectRequirements\com.btc.acLabs.ui\db\requirements.odb' is opened by 1376@Robi

[2017-04-26 22:35:37 #3 type] 
Type com.btc.aclabs.dto.Requirements is not enhanced.

------------------------------------------------------------------------------------------------------------------------

[2017-04-26 22:36:05 #1 store] 
Database 'D:\btcProjectRequirements\com.btc.acLabs.ui\db\requirements.odb' is opened by 5700@Robi

------------------------------------------------------------------------------------------------------------------------

[2017-04-26 22:38:00 #1 store] 
Database 'D:\btcProjectRequirements\com.btc.acLabs.ui\db\requirements.odb' is opened by 3860@Robi

------------------------------------------------------------------------------------------------------------------------

[2017-04-26 22:45:23 #1 store] 
Database 'D:\btcProjectRequirements\com.btc.acLabs.ui\db\requirements.odb' has been recovered (tr. 1-2)

[2017-04-26 22:45:23 #2 store] 
Database 'D:\btcProjectRequirements\com.btc.acLabs.ui\db\requirements.odb' is opened by 5920@Robi

------------------------------------------------------------------------------------------------------------------------

[2017-04-26 22:46:04 #1 store] 
Database 'D:\btcProjectRequirements\com.btc.acLabs.ui\db\requirements.odb' is opened by 2064@Robi

------------------------------------------------------------------------------------------------------------------------

[2017-04-26 22:46:47 #1 store] 
Database 'D:\btcProjectRequirements\com.btc.acLabs.ui\db\requirements.odb' is opened by 5388@Robi

[2017-04-26 22:46:52 #2 type.registry] 
New type com.btc.aclabs.dto.Requirements

[2017-04-26 22:46:52 #3 type] 
Type com.btc.aclabs.dto.Requirements is not enhanced.

------------------------------------------------------------------------------------------------------------------------

[2017-04-26 22:46:56 #1 store] 
Database 'D:\btcProjectRequirements\com.btc.acLabs.ui\db\requirements.odb' has been recovered (tr. 3-4)

[2017-04-26 22:46:56 #2 store] 
Database 'D:\btcProjectRequirements\com.btc.acLabs.ui\db\requirements.odb' is opened by 5548@Robi

[2017-04-26 22:46:56 #3 type] 
Type com.btc.aclabs.dto.Requirements is not enhanced.

------------------------------------------------------------------------------------------------------------------------

[2017-04-26 22:47:23 #1 store] 
Database 'D:\btcProjectRequirements\com.btc.acLabs.ui\db\requirements.odb' is opened by 7120@Robi

[2017-04-26 22:47:23 #2 type] 
Type com.btc.aclabs.dto.Requirements is not enhanced.

------------------------------------------------------------------------------------------------------------------------

[2017-04-26 22:50:30 #1 store] 
Database 'D:\btcProjectRequirements\com.btc.acLabs.ui\db\requirements.odb' is opened by 1944@Robi

[2017-04-26 22:50:30 #2 type] 
Type com.btc.aclabs.dto.Requirements is not enhanced.

