------------------------------------------------------------------------------------------------------------------------

[2017-04-27 17:10:45 #1 store] 
Database 'D:\btcProjectRequirements\com.btc.acLabs.ui\db\requirements.odb' has been recovered (tr. 5-33)

[2017-04-27 17:10:45 #2 store] 
Database 'D:\btcProjectRequirements\com.btc.acLabs.ui\db\requirements.odb' is opened by 6476@Robi

[2017-04-27 17:10:46 #3 type] 
Type com.btc.aclabs.dto.Requirements is not enhanced.

------------------------------------------------------------------------------------------------------------------------

[2017-04-27 17:12:15 #1 store] 
Database 'D:\btcProjectRequirements\com.btc.acLabs.ui\db\requirements.odb' is opened by 4580@Robi

[2017-04-27 17:12:15 #2 type] 
Type com.btc.aclabs.dto.Requirements is not enhanced.

------------------------------------------------------------------------------------------------------------------------

[2017-04-27 17:16:55 #1 store] 
Database 'D:\btcProjectRequirements\com.btc.acLabs.ui\db\requirements.odb' has been recovered (tr. 34-49)

[2017-04-27 17:16:55 #2 store] 
Database 'D:\btcProjectRequirements\com.btc.acLabs.ui\db\requirements.odb' is opened by 3512@Robi

[2017-04-27 17:16:55 #3 type] 
Type com.btc.aclabs.dto.Requirements is not enhanced.

------------------------------------------------------------------------------------------------------------------------

[2017-04-27 17:18:07 #1 store] 
Database 'D:\btcProjectRequirements\com.btc.acLabs.ui\db\requirements.odb' is opened by 1028@Robi

[2017-04-27 17:18:07 #2 type] 
Type com.btc.aclabs.dto.Requirements is not enhanced.

------------------------------------------------------------------------------------------------------------------------

[2017-04-27 17:20:04 #1 store] 
Database 'D:\btcProjectRequirements\com.btc.acLabs.ui\db\requirements.odb' is opened by 6212@Robi

[2017-04-27 17:20:04 #2 type] 
Type com.btc.aclabs.dto.Requirements is not enhanced.

------------------------------------------------------------------------------------------------------------------------

[2017-04-27 17:20:15 #1 store] 
Database 'D:\btcProjectRequirements\com.btc.acLabs.ui\db\requirements.odb' is opened by 1452@Robi

[2017-04-27 17:20:15 #2 type] 
Type com.btc.aclabs.dto.Requirements is not enhanced.

------------------------------------------------------------------------------------------------------------------------

[2017-04-27 17:21:01 #1 store] 
Database 'D:\btcProjectRequirements\com.btc.acLabs.ui\db\requirements.odb' is opened by 2368@Robi

[2017-04-27 17:21:01 #2 type] 
Type com.btc.aclabs.dto.Requirements is not enhanced.

------------------------------------------------------------------------------------------------------------------------

[2017-04-27 17:22:15 #1 store] 
Database 'D:\btcProjectRequirements\com.btc.acLabs.ui\db\requirements.odb' is opened by 6484@Robi

[2017-04-27 17:22:15 #2 type] 
Type com.btc.aclabs.dto.Requirements is not enhanced.

------------------------------------------------------------------------------------------------------------------------

[2017-04-27 17:22:50 #1 store] 
Database 'D:\btcProjectRequirements\com.btc.acLabs.ui\db\requirements.odb' has been recovered (tr. 50-51)

[2017-04-27 17:22:50 #2 store] 
Database 'D:\btcProjectRequirements\com.btc.acLabs.ui\db\requirements.odb' is opened by 5140@Robi

[2017-04-27 17:22:50 #3 type] 
Type com.btc.aclabs.dto.Requirements is not enhanced.

------------------------------------------------------------------------------------------------------------------------

[2017-04-27 17:24:36 #1 store] 
Database 'D:\btcProjectRequirements\com.btc.acLabs.ui\db\requirements.odb' has been recovered (tr. 52-53)

[2017-04-27 17:24:36 #2 store] 
Database 'D:\btcProjectRequirements\com.btc.acLabs.ui\db\requirements.odb' is opened by 5216@Robi

[2017-04-27 17:24:36 #3 type] 
Type com.btc.aclabs.dto.Requirements is not enhanced.

------------------------------------------------------------------------------------------------------------------------

[2017-04-27 17:24:53 #1 store] 
Database 'D:\btcProjectRequirements\com.btc.acLabs.ui\db\requirements.odb' is opened by 3544@Robi

[2017-04-27 17:24:53 #2 type] 
Type com.btc.aclabs.dto.Requirements is not enhanced.

------------------------------------------------------------------------------------------------------------------------

[2017-04-27 17:25:41 #1 store] 
Database 'D:\btcProjectRequirements\com.btc.acLabs.ui\db\requirements.odb' has been recovered (tr. 54-56)

[2017-04-27 17:25:41 #2 store] 
Database 'D:\btcProjectRequirements\com.btc.acLabs.ui\db\requirements.odb' is opened by 932@Robi

[2017-04-27 17:25:41 #3 type] 
Type com.btc.aclabs.dto.Requirements is not enhanced.

------------------------------------------------------------------------------------------------------------------------

[2017-04-27 17:26:34 #1 store] 
Database 'D:\btcProjectRequirements\com.btc.acLabs.ui\db\requirements.odb' has been recovered (tr. 57-57)

[2017-04-27 17:26:34 #2 store] 
Database 'D:\btcProjectRequirements\com.btc.acLabs.ui\db\requirements.odb' is opened by 5504@Robi

[2017-04-27 17:26:34 #3 type] 
Type com.btc.aclabs.dto.Requirements is not enhanced.

------------------------------------------------------------------------------------------------------------------------

[2017-04-27 17:27:40 #1 store] 
Database 'D:\btcProjectRequirements\com.btc.acLabs.ui\db\requirements.odb' is opened by 5616@Robi

[2017-04-27 17:27:40 #2 type] 
Type com.btc.aclabs.dto.Requirements is not enhanced.

------------------------------------------------------------------------------------------------------------------------

[2017-04-27 17:28:40 #1 store] 
Database 'D:\btcProjectRequirements\com.btc.acLabs.ui\db\requirements.odb' is opened by 6740@Robi

[2017-04-27 17:28:40 #2 type] 
Type com.btc.aclabs.dto.Requirements is not enhanced.

------------------------------------------------------------------------------------------------------------------------

[2017-04-27 17:30:42 #1 store] 
Database 'D:\btcProjectRequirements\com.btc.acLabs.ui\db\requirements.odb' is opened by 1616@Robi

[2017-04-27 17:30:42 #2 type] 
Type com.btc.aclabs.dto.Requirements is not enhanced.

------------------------------------------------------------------------------------------------------------------------

[2017-04-27 17:30:51 #1 store] 
Database 'D:\btcProjectRequirements\com.btc.acLabs.ui\db\requirements.odb' is opened by 5176@Robi

[2017-04-27 17:30:51 #2 type] 
Type com.btc.aclabs.dto.Requirements is not enhanced.

------------------------------------------------------------------------------------------------------------------------

[2017-04-27 17:31:02 #1 store] 
Database 'D:\btcProjectRequirements\com.btc.acLabs.ui\db\requirements.odb' is opened by 6400@Robi

[2017-04-27 17:31:02 #2 type] 
Type com.btc.aclabs.dto.Requirements is not enhanced.

------------------------------------------------------------------------------------------------------------------------

[2017-04-27 17:31:21 #1 store] 
Database 'D:\btcProjectRequirements\com.btc.acLabs.ui\db\requirements.odb' is opened by 4640@Robi

[2017-04-27 17:31:21 #2 type] 
Type com.btc.aclabs.dto.Requirements is not enhanced.

------------------------------------------------------------------------------------------------------------------------

[2017-04-27 17:32:47 #1 store] 
Database 'D:\btcProjectRequirements\com.btc.acLabs.ui\db\requirements.odb' is opened by 2104@Robi

[2017-04-27 17:32:47 #2 type] 
Type com.btc.aclabs.dto.Requirements is not enhanced.

------------------------------------------------------------------------------------------------------------------------

[2017-04-27 17:32:56 #1 store] 
Database 'D:\btcProjectRequirements\com.btc.acLabs.ui\db\requirements.odb' is opened by 348@Robi

[2017-04-27 17:32:57 #2 type] 
Type com.btc.aclabs.dto.Requirements is not enhanced.

------------------------------------------------------------------------------------------------------------------------

[2017-04-27 17:33:30 #1 store] 
Database 'D:\btcProjectRequirements\com.btc.acLabs.ui\db\requirements.odb' is opened by 7076@Robi

[2017-04-27 17:33:30 #2 type] 
Type com.btc.aclabs.dto.Requirements is not enhanced.

------------------------------------------------------------------------------------------------------------------------

[2017-04-27 17:33:52 #1 store] 
Database 'D:\btcProjectRequirements\com.btc.acLabs.ui\db\requirements.odb' is opened by 5936@Robi

[2017-04-27 17:33:52 #2 type] 
Type com.btc.aclabs.dto.Requirements is not enhanced.

------------------------------------------------------------------------------------------------------------------------

[2017-04-27 17:34:21 #1 store] 
Database 'D:\btcProjectRequirements\com.btc.acLabs.ui\db\requirements.odb' is opened by 3208@Robi

[2017-04-27 17:34:21 #2 type] 
Type com.btc.aclabs.dto.Requirements is not enhanced.

------------------------------------------------------------------------------------------------------------------------

[2017-04-27 17:35:25 #1 store] 
Database 'D:\btcProjectRequirements\com.btc.acLabs.ui\db\requirements.odb' is opened by 740@Robi

[2017-04-27 17:35:25 #2 type] 
Type com.btc.aclabs.dto.Requirements is not enhanced.

------------------------------------------------------------------------------------------------------------------------

[2017-04-27 17:35:36 #1 store] 
Database 'D:\btcProjectRequirements\com.btc.acLabs.ui\db\requirements.odb' is opened by 2744@Robi

[2017-04-27 17:35:36 #2 type] 
Type com.btc.aclabs.dto.Requirements is not enhanced.

------------------------------------------------------------------------------------------------------------------------

[2017-04-27 17:37:42 #1 store] 
Database 'D:\btcProjectRequirements\com.btc.acLabs.ui\db\requirements.odb' is opened by 5808@Robi

[2017-04-27 17:37:42 #2 type] 
Type com.btc.aclabs.dto.Requirements is not enhanced.

------------------------------------------------------------------------------------------------------------------------

[2017-04-27 17:37:58 #1 store] 
Database 'D:\btcProjectRequirements\com.btc.acLabs.ui\db\requirements.odb' is opened by 6212@Robi

[2017-04-27 17:37:58 #2 type] 
Type com.btc.aclabs.dto.Requirements is not enhanced.

------------------------------------------------------------------------------------------------------------------------

[2017-04-27 17:38:20 #1 store] 
Database 'D:\btcProjectRequirements\com.btc.acLabs.ui\db\requirements.odb' is opened by 5060@Robi

[2017-04-27 17:38:20 #2 type] 
Type com.btc.aclabs.dto.Requirements is not enhanced.

------------------------------------------------------------------------------------------------------------------------

[2017-04-27 17:38:30 #1 store] 
Database 'D:\btcProjectRequirements\com.btc.acLabs.ui\db\requirements.odb' is opened by 5152@Robi

[2017-04-27 17:38:30 #2 type] 
Type com.btc.aclabs.dto.Requirements is not enhanced.

------------------------------------------------------------------------------------------------------------------------

[2017-04-27 17:40:37 #1 store] 
Database 'D:\btcProjectRequirements\com.btc.acLabs.ui\db\requirements.odb' is opened by 3044@Robi

[2017-04-27 17:40:37 #2 type] 
Type com.btc.aclabs.dto.Requirements is not enhanced.

------------------------------------------------------------------------------------------------------------------------

[2017-04-27 17:41:24 #1 store] 
Database 'D:\btcProjectRequirements\com.btc.acLabs.ui\db\requirements.odb' is opened by 1028@Robi

[2017-04-27 17:41:24 #2 type] 
Type com.btc.aclabs.dto.Requirements is not enhanced.

------------------------------------------------------------------------------------------------------------------------

[2017-04-27 17:41:32 #1 store] 
Database 'D:\btcProjectRequirements\com.btc.acLabs.ui\db\requirements.odb' is opened by 6596@Robi

[2017-04-27 17:41:32 #2 type] 
Type com.btc.aclabs.dto.Requirements is not enhanced.

------------------------------------------------------------------------------------------------------------------------

[2017-04-27 17:42:05 #1 store] 
Database 'D:\btcProjectRequirements\com.btc.acLabs.ui\db\requirements.odb' is opened by 6616@Robi

[2017-04-27 17:42:05 #2 type] 
Type com.btc.aclabs.dto.Requirements is not enhanced.

------------------------------------------------------------------------------------------------------------------------

[2017-04-27 17:42:16 #1 store] 
Database 'D:\btcProjectRequirements\com.btc.acLabs.ui\db\requirements.odb' is opened by 2256@Robi

[2017-04-27 17:42:16 #2 type] 
Type com.btc.aclabs.dto.Requirements is not enhanced.

------------------------------------------------------------------------------------------------------------------------

[2017-04-27 17:42:37 #1 store] 
Database 'D:\btcProjectRequirements\com.btc.acLabs.ui\db\requirements.odb' is opened by 1012@Robi

[2017-04-27 17:42:38 #2 type] 
Type com.btc.aclabs.dto.Requirements is not enhanced.

------------------------------------------------------------------------------------------------------------------------

[2017-04-27 17:43:12 #1 store] 
Database 'D:\btcProjectRequirements\com.btc.acLabs.ui\db\requirements.odb' has been recovered (tr. 58-58)

[2017-04-27 17:43:12 #2 store] 
Database 'D:\btcProjectRequirements\com.btc.acLabs.ui\db\requirements.odb' is opened by 4884@Robi

[2017-04-27 17:43:12 #3 type] 
Type com.btc.aclabs.dto.Requirements is not enhanced.

------------------------------------------------------------------------------------------------------------------------

[2017-04-27 17:47:37 #1 store] 
Database 'D:\btcProjectRequirements\com.btc.acLabs.ui\db\requirements.odb' is opened by 5176@Robi

[2017-04-27 17:47:55 #2 type.registry] 
New type com.btc.aclabs.dto.Requirements

[2017-04-27 17:47:55 #3 type] 
Type com.btc.aclabs.dto.Requirements is not enhanced.

------------------------------------------------------------------------------------------------------------------------

[2017-04-27 17:48:01 #1 store] 
Database 'D:\btcProjectRequirements\com.btc.acLabs.ui\db\requirements.odb' has been recovered (tr. 1-4)

[2017-04-27 17:48:01 #2 store] 
Database 'D:\btcProjectRequirements\com.btc.acLabs.ui\db\requirements.odb' is opened by 4204@Robi

[2017-04-27 17:48:01 #3 type] 
Type com.btc.aclabs.dto.Requirements is not enhanced.

------------------------------------------------------------------------------------------------------------------------

[2017-04-27 17:48:21 #1 store] 
Database 'D:\btcProjectRequirements\com.btc.acLabs.ui\db\requirements.odb' has been recovered (tr. 5-5)

[2017-04-27 17:48:21 #2 store] 
Database 'D:\btcProjectRequirements\com.btc.acLabs.ui\db\requirements.odb' is opened by 3916@Robi

[2017-04-27 17:48:21 #3 type] 
Type com.btc.aclabs.dto.Requirements is not enhanced.

